<?xml version="1.0" encoding="UTF-8"?>
<!-- Generated by org.testng.reporters.JUnitReportReporter -->
<testsuite hostname="LAPTOP-QS2SFSJS" failures="0" tests="1" name="tests.LaunchTest" time="3.227" errors="0" timestamp="2025-08-31T19:12:18 IST" skipped="0">
  <testcase classname="tests.LaunchTest" name="openGoogle" time="3.227"/>
</testsuite> <!-- tests.LaunchTest -->
