<?xml version="1.0" encoding="UTF-8"?>
<!-- Generated by org.testng.reporters.JUnitReportReporter -->
<testsuite hostname="LAPTOP-QS2SFSJS" failures="0" tests="1" name="tests.AmazonTest" time="17.754" errors="0" timestamp="2025-09-07T19:32:25 IST" skipped="0">
  <testcase classname="tests.AmazonTest" name="openAmazonAndClickItem" time="17.754"/>
</testsuite> <!-- tests.AmazonTest -->
