<?xml version="1.0" encoding="UTF-8"?>
<!-- Generated by org.testng.reporters.JUnitReportReporter -->
<testsuite hostname="LAPTOP-QS2SFSJS" failures="0" tests="1" name="tests.LaunchTest" time="2.657" errors="0" timestamp="2025-09-06T18:57:12 IST" skipped="0">
  <testcase classname="tests.LaunchTest" name="openGoogle" time="2.657"/>
</testsuite> <!-- tests.LaunchTest -->
