<?xml version="1.0" encoding="UTF-8"?>
<!-- Generated by org.testng.reporters.JUnitReportReporter -->
<testsuite hostname="LAPTOP-QS2SFSJS" failures="0" tests="1" name="tests.LaunchTest" time="89.808" errors="0" timestamp="2025-09-07T16:45:41 IST" skipped="0">
  <testcase classname="tests.LaunchTest" name="openGoogle" time="89.808"/>
</testsuite> <!-- tests.LaunchTest -->
