<?xml version="1.0" encoding="UTF-8"?>
<!-- Generated by org.testng.reporters.JUnitReportReporter -->
<testsuite hostname="LAPTOP-QS2SFSJS" failures="0" tests="1" name="AutomationProject.SampleTest" time="0.059" errors="0" timestamp="2025-09-06T23:15:34 IST" skipped="0">
  <testcase classname="AutomationProject.SampleTest" name="testLogin" time="0.059"/>
</testsuite> <!-- AutomationProject.SampleTest -->
