<?xml version="1.0" encoding="UTF-8"?>
<!-- Generated by org.testng.reporters.JUnitReportReporter -->
<testsuite hostname="LAPTOP-QS2SFSJS" failures="0" tests="1" name="tests.AmazonTest" time="9.341" errors="0" timestamp="2025-09-07T12:42:08 IST" skipped="0">
  <testcase classname="tests.AmazonTest" name="openAmazonAndClickItem" time="9.341"/>
</testsuite> <!-- tests.AmazonTest -->
