<?xml version="1.0" encoding="UTF-8"?>
<!-- Generated by org.testng.reporters.JUnitReportReporter -->
<testsuite hostname="LAPTOP-QS2SFSJS" failures="0" tests="1" name="tests.OrangeHRMTest" time="12.037" errors="0" timestamp="2025-09-08T11:30:53 IST" skipped="0">
  <testcase classname="tests.OrangeHRMTest" name="testSearchInAdminPage" time="12.037"/>
</testsuite> <!-- tests.OrangeHRMTest -->
