<?xml version="1.0" encoding="UTF-8"?>
<!-- Generated by org.testng.reporters.JUnitReportReporter -->
<testsuite hostname="LAPTOP-QS2SFSJS" failures="0" tests="1" name="tests.LaunchTest" time="6.354" errors="0" timestamp="2025-09-08T14:00:36 IST" skipped="0">
  <testcase classname="tests.LaunchTest" name="openGoogle" time="6.354"/>
</testsuite> <!-- tests.LaunchTest -->
