<?xml version="1.0" encoding="UTF-8"?>
<!-- Generated by org.testng.reporters.JUnitReportReporter -->
<testsuite hostname="LAPTOP-QS2SFSJS" failures="0" tests="1" name="tests.LaunchTest" time="6.259" errors="0" timestamp="2025-09-07T12:42:08 IST" skipped="0">
  <testcase classname="tests.LaunchTest" name="openGoogle" time="6.259"/>
</testsuite> <!-- tests.LaunchTest -->
